<?xml version="1.0" encoding="UTF-8"?>
<!-- Generated by org.testng.reporters.JUnitXMLReporter -->
<testsuite ignored="5" hostname="DESKTOP-J9EO0C6" failures="0" tests="4" name="Test" time="0.464" errors="0" timestamp="2022-07-06T23:44:48 IST">
  <testcase classname="com.crm.comcost.genericeutlity.BaseClass" name="@BeforeClass configBC" time="-1.657131287885E9">
    <failure type="org.testng.TestNGException" message="
Parameter &amp;apos;browser&amp;apos; is required by BeforeClass on method configBC but has not been marked @Optional or defined
in D:\Java\com.crm.comcost.SDET37\smokeexclude.xml">
      <![CDATA[org.testng.TestNGException: 
Parameter 'browser' is required by BeforeClass on method configBC but has not been marked @Optional or defined
in D:\Java\com.crm.comcost.SDET37\smokeexclude.xml
at java.base/java.util.ArrayList.forEach(ArrayList.java:1511)
... Removed 22 stack frames]]>
    </failure>
  </testcase> <!-- @BeforeClass configBC -->
  <testcase classname="com.crm.comcost.genericeutlity.BaseClass" name="@BeforeMethod configBM" time="0.078">
    <failure type="java.lang.NullPointerException" message="Cannot invoke &amp;quot;org.openqa.selenium.WebDriver.get(String)&amp;quot; because &amp;quot;this.driver&amp;quot; is null">
      <![CDATA[java.lang.NullPointerException: Cannot invoke "org.openqa.selenium.WebDriver.get(String)" because "this.driver" is null
at com.crm.comcost.pomrepository.LoginPage.loginVtiger(LoginPage.java:45)
at com.crm.comcost.genericeutlity.BaseClass.configBM(BaseClass.java:65)
at java.base/java.util.ArrayList.forEach(ArrayList.java:1511)
... Removed 31 stack frames]]>
    </failure>
  </testcase> <!-- @BeforeMethod configBM -->
  <testcase classname="com.crm.comcost.genericeutlity.BaseClass" name="@AfterMethod configAM" time="0.049">
    <failure type="java.lang.NullPointerException">
      <![CDATA[java.lang.NullPointerException
at java.base/java.util.Objects.requireNonNull(Objects.java:208)
at org.openqa.selenium.interactions.Actions.<init>(Actions.java:65)
at com.crm.comcost.genericeutlity.WebDriverUtility.mouseOverOnElement(WebDriverUtility.java:163)
at com.crm.comcost.pomrepository.HomePage.signoutAction(HomePage.java:122)
at com.crm.comcost.genericeutlity.BaseClass.configAM(BaseClass.java:77)
at java.base/java.util.ArrayList.forEach(ArrayList.java:1511)
... Removed 32 stack frames]]>
    </failure>
  </testcase> <!-- @AfterMethod configAM -->
  <testcase classname="com.crm.comcost.genericeutlity.BaseClass" name="@AfterClass configAC" time="0.002">
    <failure type="java.lang.NullPointerException" message="Cannot invoke &amp;quot;org.openqa.selenium.WebDriver.quit()&amp;quot; because &amp;quot;this.driver&amp;quot; is null">
      <![CDATA[java.lang.NullPointerException: Cannot invoke "org.openqa.selenium.WebDriver.quit()" because "this.driver" is null
at com.crm.comcost.genericeutlity.BaseClass.configAC(BaseClass.java:85)
at java.base/java.util.ArrayList.forEach(ArrayList.java:1511)
... Removed 25 stack frames]]>
    </failure>
  </testcase> <!-- @AfterClass configAC -->
  <testcase classname="com.crm.comcost.genericeutlity.BaseClass" name="@BeforeClass configBC" time="-1.65713128811E9">
    <failure type="org.testng.TestNGException" message="
Parameter &amp;apos;browser&amp;apos; is required by BeforeClass on method configBC but has not been marked @Optional or defined
in D:\Java\com.crm.comcost.SDET37\smokeexclude.xml">
      <![CDATA[org.testng.TestNGException: 
Parameter 'browser' is required by BeforeClass on method configBC but has not been marked @Optional or defined
in D:\Java\com.crm.comcost.SDET37\smokeexclude.xml
at java.base/java.util.ArrayList.forEach(ArrayList.java:1511)
... Removed 22 stack frames]]>
    </failure>
  </testcase> <!-- @BeforeClass configBC -->
  <testcase classname="com.crm.comcost.genericeutlity.BaseClass" name="@BeforeMethod configBM" time="0.001">
    <failure type="java.lang.NullPointerException" message="Cannot invoke &amp;quot;org.openqa.selenium.WebDriver.get(String)&amp;quot; because &amp;quot;this.driver&amp;quot; is null">
      <![CDATA[java.lang.NullPointerException: Cannot invoke "org.openqa.selenium.WebDriver.get(String)" because "this.driver" is null
at com.crm.comcost.pomrepository.LoginPage.loginVtiger(LoginPage.java:45)
at com.crm.comcost.genericeutlity.BaseClass.configBM(BaseClass.java:65)
at java.base/java.util.ArrayList.forEach(ArrayList.java:1511)
... Removed 31 stack frames]]>
    </failure>
  </testcase> <!-- @BeforeMethod configBM -->
  <testcase classname="com.crm.comcost.genericeutlity.BaseClass" name="@AfterMethod configAM" time="0.006">
    <failure type="java.lang.NullPointerException">
      <![CDATA[java.lang.NullPointerException
at java.base/java.util.Objects.requireNonNull(Objects.java:208)
at org.openqa.selenium.interactions.Actions.<init>(Actions.java:65)
at com.crm.comcost.genericeutlity.WebDriverUtility.mouseOverOnElement(WebDriverUtility.java:163)
at com.crm.comcost.pomrepository.HomePage.signoutAction(HomePage.java:122)
at com.crm.comcost.genericeutlity.BaseClass.configAM(BaseClass.java:77)
at java.base/java.util.ArrayList.forEach(ArrayList.java:1511)
... Removed 32 stack frames]]>
    </failure>
  </testcase> <!-- @AfterMethod configAM -->
  <testcase classname="com.crm.comcost.genericeutlity.BaseClass" name="@BeforeMethod configBM" time="0.002">
    <failure type="java.lang.NullPointerException" message="Cannot invoke &amp;quot;org.openqa.selenium.WebDriver.get(String)&amp;quot; because &amp;quot;this.driver&amp;quot; is null">
      <![CDATA[java.lang.NullPointerException: Cannot invoke "org.openqa.selenium.WebDriver.get(String)" because "this.driver" is null
at com.crm.comcost.pomrepository.LoginPage.loginVtiger(LoginPage.java:45)
at com.crm.comcost.genericeutlity.BaseClass.configBM(BaseClass.java:65)
at java.base/java.util.ArrayList.forEach(ArrayList.java:1511)
... Removed 31 stack frames]]>
    </failure>
  </testcase> <!-- @BeforeMethod configBM -->
  <testcase classname="com.crm.comcost.genericeutlity.BaseClass" name="@AfterMethod configAM" time="0.003">
    <failure type="java.lang.NullPointerException">
      <![CDATA[java.lang.NullPointerException
at java.base/java.util.Objects.requireNonNull(Objects.java:208)
at org.openqa.selenium.interactions.Actions.<init>(Actions.java:65)
at com.crm.comcost.genericeutlity.WebDriverUtility.mouseOverOnElement(WebDriverUtility.java:163)
at com.crm.comcost.pomrepository.HomePage.signoutAction(HomePage.java:122)
at com.crm.comcost.genericeutlity.BaseClass.configAM(BaseClass.java:77)
at java.base/java.util.ArrayList.forEach(ArrayList.java:1511)
... Removed 32 stack frames]]>
    </failure>
  </testcase> <!-- @AfterMethod configAM -->
  <testcase classname="com.crm.comcost.genericeutlity.BaseClass" name="@AfterClass configAC" time="0.004">
    <failure type="java.lang.NullPointerException" message="Cannot invoke &amp;quot;org.openqa.selenium.WebDriver.quit()&amp;quot; because &amp;quot;this.driver&amp;quot; is null">
      <![CDATA[java.lang.NullPointerException: Cannot invoke "org.openqa.selenium.WebDriver.quit()" because "this.driver" is null
at com.crm.comcost.genericeutlity.BaseClass.configAC(BaseClass.java:85)
at java.base/java.util.ArrayList.forEach(ArrayList.java:1511)
... Removed 25 stack frames]]>
    </failure>
  </testcase> <!-- @AfterClass configAC -->
  <testcase classname="com.crm.comcost.genericeutlity.BaseClass" name="@BeforeClass configBC" time="-1.657131288191E9">
    <failure type="org.testng.TestNGException" message="
Parameter &amp;apos;browser&amp;apos; is required by BeforeClass on method configBC but has not been marked @Optional or defined
in D:\Java\com.crm.comcost.SDET37\smokeexclude.xml">
      <![CDATA[org.testng.TestNGException: 
Parameter 'browser' is required by BeforeClass on method configBC but has not been marked @Optional or defined
in D:\Java\com.crm.comcost.SDET37\smokeexclude.xml
at java.base/java.util.ArrayList.forEach(ArrayList.java:1511)
... Removed 22 stack frames]]>
    </failure>
  </testcase> <!-- @BeforeClass configBC -->
  <testcase classname="com.crm.comcost.genericeutlity.BaseClass" name="@BeforeMethod configBM" time="0.002">
    <failure type="java.lang.NullPointerException" message="Cannot invoke &amp;quot;org.openqa.selenium.WebDriver.get(String)&amp;quot; because &amp;quot;this.driver&amp;quot; is null">
      <![CDATA[java.lang.NullPointerException: Cannot invoke "org.openqa.selenium.WebDriver.get(String)" because "this.driver" is null
at com.crm.comcost.pomrepository.LoginPage.loginVtiger(LoginPage.java:45)
at com.crm.comcost.genericeutlity.BaseClass.configBM(BaseClass.java:65)
at java.base/java.util.ArrayList.forEach(ArrayList.java:1511)
... Removed 31 stack frames]]>
    </failure>
  </testcase> <!-- @BeforeMethod configBM -->
  <testcase classname="com.crm.comcost.genericeutlity.BaseClass" name="@AfterMethod configAM" time="0.002">
    <failure type="java.lang.NullPointerException">
      <![CDATA[java.lang.NullPointerException
at java.base/java.util.Objects.requireNonNull(Objects.java:208)
at org.openqa.selenium.interactions.Actions.<init>(Actions.java:65)
at com.crm.comcost.genericeutlity.WebDriverUtility.mouseOverOnElement(WebDriverUtility.java:163)
at com.crm.comcost.pomrepository.HomePage.signoutAction(HomePage.java:122)
at com.crm.comcost.genericeutlity.BaseClass.configAM(BaseClass.java:77)
at java.base/java.util.ArrayList.forEach(ArrayList.java:1511)
... Removed 32 stack frames]]>
    </failure>
  </testcase> <!-- @AfterMethod configAM -->
  <testcase classname="com.crm.comcost.genericeutlity.BaseClass" name="@AfterClass configAC" time="0.0">
    <failure type="java.lang.NullPointerException" message="Cannot invoke &amp;quot;org.openqa.selenium.WebDriver.quit()&amp;quot; because &amp;quot;this.driver&amp;quot; is null">
      <![CDATA[java.lang.NullPointerException: Cannot invoke "org.openqa.selenium.WebDriver.quit()" because "this.driver" is null
at com.crm.comcost.genericeutlity.BaseClass.configAC(BaseClass.java:85)
at java.base/java.util.ArrayList.forEach(ArrayList.java:1511)
... Removed 25 stack frames]]>
    </failure>
  </testcase> <!-- @AfterClass configAC -->
  <testcase classname="sample.CreateProductTNG" name="product" time="0.0">
    <skipped/>
  </testcase> <!-- product -->
  <testcase classname="sample.CreateContactintesng" name="createcontAnddeleteTest" time="0.001">
    <skipped/>
  </testcase> <!-- createcontAnddeleteTest -->
  <testcase classname="sample.CreateContactintesng" name="logout" time="0.0">
    <skipped/>
  </testcase> <!-- logout -->
  <testcase classname="sample.CreateOrginationTNG" name="createOrginationAndDelete" time="0.0">
    <skipped/>
  </testcase> <!-- createOrginationAndDelete -->
  <testcase classname="com.crm.comcost.genericeutlity.BaseClass" name="@AfterSuite configAS" time="0.0">
    <ignored/>
  </testcase> <!-- @AfterSuite configAS -->
  <testcase classname="com.crm.comcost.genericeutlity.BaseClass" name="@AfterSuite configAS" time="0.0">
    <ignored/>
  </testcase> <!-- @AfterSuite configAS -->
  <testcase classname="sample.CreateContactintesng" name="createContTest" time="0.0">
    <ignored/>
  </testcase> <!-- createContTest -->
  <testcase classname="sample.CreateProductTNG" name="createproductanddelete" time="0.0">
    <ignored/>
  </testcase> <!-- createproductanddelete -->
  <testcase classname="sample.CreateOrginationTNG" name="createOrgination" time="0.0">
    <ignored/>
  </testcase> <!-- createOrgination -->
</testsuite> <!-- Test -->
